  Raytracing.cpp
c:\users\blockchainvirus\dropbox\code\cudatetris\cudatetris\vec3.h(67): warning C4244: 'initializing': conversion from 'double' to 'float', possible loss of data
c:\users\blockchainvirus\dropbox\code\cudatetris\cudatetris\vec3.h(145): warning C4244: 'initializing': conversion from 'double' to 'float', possible loss of data
c:\users\blockchainvirus\dropbox\code\cudatetris\cudatetris\vec3.h(174): warning C4244: 'initializing': conversion from 'double' to 'float', possible loss of data
c:\users\blockchainvirus\dropbox\code\cudatetris\cudatetris\material.h(74): warning C4244: '=': conversion from 'double' to 'float', possible loss of data
c:\users\blockchainvirus\dropbox\code\cudatetris\cudatetris\hitablelist.h(21): warning C4244: 'argument': conversion from 'double' to 'float', possible loss of data
c:\users\blockchainvirus\dropbox\code\cudatetris\cudatetris\raytracing.cpp(19): warning C4305: 'argument': truncation from 'double' to 'float'
c:\users\blockchainvirus\dropbox\code\cudatetris\cudatetris\raytracing.cpp(20): warning C4305: 'argument': truncation from 'double' to 'float'
c:\users\blockchainvirus\dropbox\code\cudatetris\cudatetris\raytracing.cpp(21): warning C4305: 'argument': truncation from 'double' to 'float'
c:\users\blockchainvirus\dropbox\code\cudatetris\cudatetris\raytracing.cpp(23): warning C4305: 'argument': truncation from 'double' to 'float'
c:\users\blockchainvirus\dropbox\code\cudatetris\cudatetris\raytracing.cpp(38): warning C4305: 'argument': truncation from 'double' to 'float'
c:\users\blockchainvirus\dropbox\code\cudatetris\cudatetris\raytracing.cpp(51): warning C4244: 'initializing': conversion from 'double' to 'float', possible loss of data
c:\users\blockchainvirus\dropbox\code\cudatetris\cudatetris\raytracing.cpp(52): warning C4244: 'argument': conversion from 'double' to 'float', possible loss of data
c:\users\blockchainvirus\dropbox\code\cudatetris\cudatetris\raytracing.cpp(52): warning C4305: 'argument': truncation from 'double' to 'float'
c:\users\blockchainvirus\dropbox\code\cudatetris\cudatetris\raytracing.cpp(161): warning C4244: 'argument': conversion from 'time_t' to 'unsigned int', possible loss of data
     Creating library C:\Users\blockchainvirus\Dropbox\Code\CudaTetris\x64\Release\CudaTetris.lib and object C:\Users\blockchainvirus\Dropbox\Code\CudaTetris\x64\Release\CudaTetris.exp
  Generating code
  1 of 228 functions ( 0.4%) were compiled, the rest were copied from previous compilation.
    0 functions were new in current compilation
    1 functions had inline decision re-evaluated but remain unchanged
  Finished generating code
  CudaTetris.vcxproj -> C:\Users\blockchainvirus\Dropbox\Code\CudaTetris\x64\Release\CudaTetris.exe
